CRITICAL - 2024-07-01 00:11:15 --> ArgumentCountError: Too few arguments to function App\Controllers\Products::productEdit(), 0 passed in /home/med96/tmp/vendor/codeigniter4/framework/system/CodeIgniter.php on line 933 and exactly 1 expected
[Method: POST, Route: products/productEdit]
in APPPATH/Controllers/Products.php on line 25.
 1 SYSTEMPATH/CodeIgniter.php(933): App\Controllers\Products->productEdit()
 2 SYSTEMPATH/CodeIgniter.php(509): CodeIgniter\CodeIgniter->runController()
 3 SYSTEMPATH/CodeIgniter.php(355): CodeIgniter\CodeIgniter->handleRequest()
 4 SYSTEMPATH/Boot.php(325): CodeIgniter\CodeIgniter->run()
 5 SYSTEMPATH/Boot.php(67): CodeIgniter\Boot::runCodeIgniter()
 6 FCPATH/index.php(56): CodeIgniter\Boot::bootWeb()
 7 SYSTEMPATH/rewrite.php(44): require_once('/home/med96/tmp/public/index.php')
CRITICAL - 2024-07-01 00:11:30 --> ArgumentCountError: Too few arguments to function App\Controllers\Products::productEdit(), 0 passed in /home/med96/tmp/vendor/codeigniter4/framework/system/CodeIgniter.php on line 933 and exactly 1 expected
[Method: POST, Route: products/productEdit]
in APPPATH/Controllers/Products.php on line 25.
 1 SYSTEMPATH/CodeIgniter.php(933): App\Controllers\Products->productEdit()
 2 SYSTEMPATH/CodeIgniter.php(509): CodeIgniter\CodeIgniter->runController()
 3 SYSTEMPATH/CodeIgniter.php(355): CodeIgniter\CodeIgniter->handleRequest()
 4 SYSTEMPATH/Boot.php(325): CodeIgniter\CodeIgniter->run()
 5 SYSTEMPATH/Boot.php(67): CodeIgniter\Boot::runCodeIgniter()
 6 FCPATH/index.php(56): CodeIgniter\Boot::bootWeb()
 7 SYSTEMPATH/rewrite.php(44): require_once('/home/med96/tmp/public/index.php')
CRITICAL - 2024-07-01 00:19:50 --> ErrorException: Undefined variable $productos
[Method: POST, Route: products/productEdit/1]
in APPPATH/Models/Product.php on line 63.
 1 APPPATH/Models/Product.php(63): CodeIgniter\Debug\Exceptions->errorHandler()
 2 APPPATH/Controllers/Products.php(27): App\Models\Product->getProduct()
 3 SYSTEMPATH/CodeIgniter.php(933): App\Controllers\Products->productEdit()
 4 SYSTEMPATH/CodeIgniter.php(509): CodeIgniter\CodeIgniter->runController()
 5 SYSTEMPATH/CodeIgniter.php(355): CodeIgniter\CodeIgniter->handleRequest()
 6 SYSTEMPATH/Boot.php(325): CodeIgniter\CodeIgniter->run()
 7 SYSTEMPATH/Boot.php(67): CodeIgniter\Boot::runCodeIgniter()
 8 FCPATH/index.php(56): CodeIgniter\Boot::bootWeb()
 9 SYSTEMPATH/rewrite.php(44): require_once('/home/med96/tmp/public/index.php')
CRITICAL - 2024-07-01 01:01:09 --> ErrorException: Undefined variable $product
[Method: GET, Route: /]
in APPPATH/Views/products/productsList.php on line 19.
 1 APPPATH/Views/products/productsList.php(19): CodeIgniter\Debug\Exceptions->errorHandler()
 2 SYSTEMPATH/View/View.php(234): include('/home/med96/tmp/app/Views/products/productsList.php')
 3 SYSTEMPATH/View/View.php(237): CodeIgniter\View\View->CodeIgniter\View\{closure}()
 4 SYSTEMPATH/Common.php(1171): CodeIgniter\View\View->render()
 5 APPPATH/Controllers/Products.php(20): view()
 6 SYSTEMPATH/CodeIgniter.php(933): App\Controllers\Products->index()
 7 SYSTEMPATH/CodeIgniter.php(509): CodeIgniter\CodeIgniter->runController()
 8 SYSTEMPATH/CodeIgniter.php(355): CodeIgniter\CodeIgniter->handleRequest()
 9 SYSTEMPATH/Boot.php(325): CodeIgniter\CodeIgniter->run()
10 SYSTEMPATH/Boot.php(67): CodeIgniter\Boot::runCodeIgniter()
11 FCPATH/index.php(56): CodeIgniter\Boot::bootWeb()
12 SYSTEMPATH/rewrite.php(44): require_once('/home/med96/tmp/public/index.php')
CRITICAL - 2024-07-01 01:12:12 --> ArgumentCountError: Too few arguments to function App\Controllers\Products::productCreate(), 0 passed in /home/med96/tmp/vendor/codeigniter4/framework/system/CodeIgniter.php on line 933 and exactly 1 expected
[Method: GET, Route: products/productCreate/]
in APPPATH/Controllers/Products.php on line 30.
 1 SYSTEMPATH/CodeIgniter.php(933): App\Controllers\Products->productCreate()
 2 SYSTEMPATH/CodeIgniter.php(509): CodeIgniter\CodeIgniter->runController()
 3 SYSTEMPATH/CodeIgniter.php(355): CodeIgniter\CodeIgniter->handleRequest()
 4 SYSTEMPATH/Boot.php(325): CodeIgniter\CodeIgniter->run()
 5 SYSTEMPATH/Boot.php(67): CodeIgniter\Boot::runCodeIgniter()
 6 FCPATH/index.php(56): CodeIgniter\Boot::bootWeb()
 7 SYSTEMPATH/rewrite.php(44): require_once('/home/med96/tmp/public/index.php')
CRITICAL - 2024-07-01 01:12:36 --> ErrorException: Undefined variable $product
[Method: GET, Route: products/productCreate/]
in APPPATH/Views/products/productsAdd.php on line 10.
 1 APPPATH/Views/products/productsAdd.php(10): CodeIgniter\Debug\Exceptions->errorHandler()
 2 SYSTEMPATH/View/View.php(234): include('/home/med96/tmp/app/Views/products/productsAdd.php')
 3 SYSTEMPATH/View/View.php(237): CodeIgniter\View\View->CodeIgniter\View\{closure}()
 4 SYSTEMPATH/Common.php(1171): CodeIgniter\View\View->render()
 5 APPPATH/Controllers/Products.php(31): view()
 6 SYSTEMPATH/CodeIgniter.php(933): App\Controllers\Products->productCreate()
 7 SYSTEMPATH/CodeIgniter.php(509): CodeIgniter\CodeIgniter->runController()
 8 SYSTEMPATH/CodeIgniter.php(355): CodeIgniter\CodeIgniter->handleRequest()
 9 SYSTEMPATH/Boot.php(325): CodeIgniter\CodeIgniter->run()
10 SYSTEMPATH/Boot.php(67): CodeIgniter\Boot::runCodeIgniter()
11 FCPATH/index.php(56): CodeIgniter\Boot::bootWeb()
12 SYSTEMPATH/rewrite.php(44): require_once('/home/med96/tmp/public/index.php')
CRITICAL - 2024-07-01 02:03:10 --> Error: Class "App\Controllers\stdClass" not found
[Method: POST, Route: products/createNew]
in APPPATH/Controllers/Products.php on line 38.
 1 SYSTEMPATH/CodeIgniter.php(933): App\Controllers\Products->createNew()
 2 SYSTEMPATH/CodeIgniter.php(509): CodeIgniter\CodeIgniter->runController()
 3 SYSTEMPATH/CodeIgniter.php(355): CodeIgniter\CodeIgniter->handleRequest()
 4 SYSTEMPATH/Boot.php(325): CodeIgniter\CodeIgniter->run()
 5 SYSTEMPATH/Boot.php(67): CodeIgniter\Boot::runCodeIgniter()
 6 FCPATH/index.php(56): CodeIgniter\Boot::bootWeb()
 7 SYSTEMPATH/rewrite.php(44): require_once('/home/med96/tmp/public/index.php')
CRITICAL - 2024-07-01 02:03:24 --> ErrorException: foreach() argument must be of type array|object, null given
[Method: POST, Route: products/createNew]
in APPPATH/Views/products/productsList.php on line 38.
 1 APPPATH/Views/products/productsList.php(38): CodeIgniter\Debug\Exceptions->errorHandler()
 2 SYSTEMPATH/View/View.php(234): include('/home/med96/tmp/app/Views/products/productsList.php')
 3 SYSTEMPATH/View/View.php(237): CodeIgniter\View\View->CodeIgniter\View\{closure}()
 4 SYSTEMPATH/Common.php(1171): CodeIgniter\View\View->render()
 5 APPPATH/Controllers/Products.php(47): view()
 6 SYSTEMPATH/CodeIgniter.php(933): App\Controllers\Products->createNew()
 7 SYSTEMPATH/CodeIgniter.php(509): CodeIgniter\CodeIgniter->runController()
 8 SYSTEMPATH/CodeIgniter.php(355): CodeIgniter\CodeIgniter->handleRequest()
 9 SYSTEMPATH/Boot.php(325): CodeIgniter\CodeIgniter->run()
10 SYSTEMPATH/Boot.php(67): CodeIgniter\Boot::runCodeIgniter()
11 FCPATH/index.php(56): CodeIgniter\Boot::bootWeb()
12 SYSTEMPATH/rewrite.php(44): require_once('/home/med96/tmp/public/index.php')
CRITICAL - 2024-07-01 02:03:26 --> ErrorException: foreach() argument must be of type array|object, null given
[Method: GET, Route: /]
in APPPATH/Views/products/productsList.php on line 38.
 1 APPPATH/Views/products/productsList.php(38): CodeIgniter\Debug\Exceptions->errorHandler()
 2 SYSTEMPATH/View/View.php(234): include('/home/med96/tmp/app/Views/products/productsList.php')
 3 SYSTEMPATH/View/View.php(237): CodeIgniter\View\View->CodeIgniter\View\{closure}()
 4 SYSTEMPATH/Common.php(1171): CodeIgniter\View\View->render()
 5 APPPATH/Controllers/Products.php(20): view()
 6 SYSTEMPATH/CodeIgniter.php(933): App\Controllers\Products->index()
 7 SYSTEMPATH/CodeIgniter.php(509): CodeIgniter\CodeIgniter->runController()
 8 SYSTEMPATH/CodeIgniter.php(355): CodeIgniter\CodeIgniter->handleRequest()
 9 SYSTEMPATH/Boot.php(325): CodeIgniter\CodeIgniter->run()
10 SYSTEMPATH/Boot.php(67): CodeIgniter\Boot::runCodeIgniter()
11 FCPATH/index.php(56): CodeIgniter\Boot::bootWeb()
12 SYSTEMPATH/rewrite.php(44): require_once('/home/med96/tmp/public/index.php')
CRITICAL - 2024-07-01 02:03:31 --> ErrorException: foreach() argument must be of type array|object, null given
[Method: GET, Route: /]
in APPPATH/Views/products/productsList.php on line 38.
 1 APPPATH/Views/products/productsList.php(38): CodeIgniter\Debug\Exceptions->errorHandler()
 2 SYSTEMPATH/View/View.php(234): include('/home/med96/tmp/app/Views/products/productsList.php')
 3 SYSTEMPATH/View/View.php(237): CodeIgniter\View\View->CodeIgniter\View\{closure}()
 4 SYSTEMPATH/Common.php(1171): CodeIgniter\View\View->render()
 5 APPPATH/Controllers/Products.php(20): view()
 6 SYSTEMPATH/CodeIgniter.php(933): App\Controllers\Products->index()
 7 SYSTEMPATH/CodeIgniter.php(509): CodeIgniter\CodeIgniter->runController()
 8 SYSTEMPATH/CodeIgniter.php(355): CodeIgniter\CodeIgniter->handleRequest()
 9 SYSTEMPATH/Boot.php(325): CodeIgniter\CodeIgniter->run()
10 SYSTEMPATH/Boot.php(67): CodeIgniter\Boot::runCodeIgniter()
11 FCPATH/index.php(56): CodeIgniter\Boot::bootWeb()
12 SYSTEMPATH/rewrite.php(44): require_once('/home/med96/tmp/public/index.php')
CRITICAL - 2024-07-01 02:08:32 --> Error: Call to undefined function App\Models\array_sort()
[Method: POST, Route: products/createNew]
in APPPATH/Models/Product.php on line 87.
 1 APPPATH/Controllers/Products.php(39): App\Models\Product->getNewId()
 2 SYSTEMPATH/CodeIgniter.php(933): App\Controllers\Products->createNew()
 3 SYSTEMPATH/CodeIgniter.php(509): CodeIgniter\CodeIgniter->runController()
 4 SYSTEMPATH/CodeIgniter.php(355): CodeIgniter\CodeIgniter->handleRequest()
 5 SYSTEMPATH/Boot.php(325): CodeIgniter\CodeIgniter->run()
 6 SYSTEMPATH/Boot.php(67): CodeIgniter\Boot::runCodeIgniter()
 7 FCPATH/index.php(56): CodeIgniter\Boot::bootWeb()
 8 SYSTEMPATH/rewrite.php(44): require_once('/home/med96/tmp/public/index.php')
CRITICAL - 2024-07-01 02:08:49 --> ErrorException: Undefined property: stdClass::$created_at
[Method: POST, Route: products/createNew]
in APPPATH/Views/products/productsList.php on line 44.
 1 APPPATH/Views/products/productsList.php(44): CodeIgniter\Debug\Exceptions->errorHandler()
 2 SYSTEMPATH/View/View.php(234): include('/home/med96/tmp/app/Views/products/productsList.php')
 3 SYSTEMPATH/View/View.php(237): CodeIgniter\View\View->CodeIgniter\View\{closure}()
 4 SYSTEMPATH/Common.php(1171): CodeIgniter\View\View->render()
 5 APPPATH/Controllers/Products.php(47): view()
 6 SYSTEMPATH/CodeIgniter.php(933): App\Controllers\Products->createNew()
 7 SYSTEMPATH/CodeIgniter.php(509): CodeIgniter\CodeIgniter->runController()
 8 SYSTEMPATH/CodeIgniter.php(355): CodeIgniter\CodeIgniter->handleRequest()
 9 SYSTEMPATH/Boot.php(325): CodeIgniter\CodeIgniter->run()
10 SYSTEMPATH/Boot.php(67): CodeIgniter\Boot::runCodeIgniter()
11 FCPATH/index.php(56): CodeIgniter\Boot::bootWeb()
12 SYSTEMPATH/rewrite.php(44): require_once('/home/med96/tmp/public/index.php')
CRITICAL - 2024-07-01 02:09:05 --> ErrorException: Undefined property: stdClass::$created_at
[Method: POST, Route: products/createNew]
in APPPATH/Views/products/productsList.php on line 44.
 1 APPPATH/Views/products/productsList.php(44): CodeIgniter\Debug\Exceptions->errorHandler()
 2 SYSTEMPATH/View/View.php(234): include('/home/med96/tmp/app/Views/products/productsList.php')
 3 SYSTEMPATH/View/View.php(237): CodeIgniter\View\View->CodeIgniter\View\{closure}()
 4 SYSTEMPATH/Common.php(1171): CodeIgniter\View\View->render()
 5 APPPATH/Controllers/Products.php(47): view()
 6 SYSTEMPATH/CodeIgniter.php(933): App\Controllers\Products->createNew()
 7 SYSTEMPATH/CodeIgniter.php(509): CodeIgniter\CodeIgniter->runController()
 8 SYSTEMPATH/CodeIgniter.php(355): CodeIgniter\CodeIgniter->handleRequest()
 9 SYSTEMPATH/Boot.php(325): CodeIgniter\CodeIgniter->run()
10 SYSTEMPATH/Boot.php(67): CodeIgniter\Boot::runCodeIgniter()
11 FCPATH/index.php(56): CodeIgniter\Boot::bootWeb()
12 SYSTEMPATH/rewrite.php(44): require_once('/home/med96/tmp/public/index.php')
CRITICAL - 2024-07-01 02:09:08 --> ErrorException: Undefined property: stdClass::$created_at
[Method: GET, Route: /]
in APPPATH/Views/products/productsList.php on line 44.
 1 APPPATH/Views/products/productsList.php(44): CodeIgniter\Debug\Exceptions->errorHandler()
 2 SYSTEMPATH/View/View.php(234): include('/home/med96/tmp/app/Views/products/productsList.php')
 3 SYSTEMPATH/View/View.php(237): CodeIgniter\View\View->CodeIgniter\View\{closure}()
 4 SYSTEMPATH/Common.php(1171): CodeIgniter\View\View->render()
 5 APPPATH/Controllers/Products.php(20): view()
 6 SYSTEMPATH/CodeIgniter.php(933): App\Controllers\Products->index()
 7 SYSTEMPATH/CodeIgniter.php(509): CodeIgniter\CodeIgniter->runController()
 8 SYSTEMPATH/CodeIgniter.php(355): CodeIgniter\CodeIgniter->handleRequest()
 9 SYSTEMPATH/Boot.php(325): CodeIgniter\CodeIgniter->run()
10 SYSTEMPATH/Boot.php(67): CodeIgniter\Boot::runCodeIgniter()
11 FCPATH/index.php(56): CodeIgniter\Boot::bootWeb()
12 SYSTEMPATH/rewrite.php(44): require_once('/home/med96/tmp/public/index.php')
CRITICAL - 2024-07-01 02:09:17 --> ErrorException: Undefined property: stdClass::$created_at
[Method: POST, Route: products/createNew]
in APPPATH/Views/products/productsList.php on line 44.
 1 APPPATH/Views/products/productsList.php(44): CodeIgniter\Debug\Exceptions->errorHandler()
 2 SYSTEMPATH/View/View.php(234): include('/home/med96/tmp/app/Views/products/productsList.php')
 3 SYSTEMPATH/View/View.php(237): CodeIgniter\View\View->CodeIgniter\View\{closure}()
 4 SYSTEMPATH/Common.php(1171): CodeIgniter\View\View->render()
 5 APPPATH/Controllers/Products.php(47): view()
 6 SYSTEMPATH/CodeIgniter.php(933): App\Controllers\Products->createNew()
 7 SYSTEMPATH/CodeIgniter.php(509): CodeIgniter\CodeIgniter->runController()
 8 SYSTEMPATH/CodeIgniter.php(355): CodeIgniter\CodeIgniter->handleRequest()
 9 SYSTEMPATH/Boot.php(325): CodeIgniter\CodeIgniter->run()
10 SYSTEMPATH/Boot.php(67): CodeIgniter\Boot::runCodeIgniter()
11 FCPATH/index.php(56): CodeIgniter\Boot::bootWeb()
12 SYSTEMPATH/rewrite.php(44): require_once('/home/med96/tmp/public/index.php')
CRITICAL - 2024-07-01 02:09:54 --> ErrorException: Undefined property: stdClass::$created_at
[Method: POST, Route: products/createNew]
in APPPATH/Views/products/productsList.php on line 44.
 1 APPPATH/Views/products/productsList.php(44): CodeIgniter\Debug\Exceptions->errorHandler()
 2 SYSTEMPATH/View/View.php(234): include('/home/med96/tmp/app/Views/products/productsList.php')
 3 SYSTEMPATH/View/View.php(237): CodeIgniter\View\View->CodeIgniter\View\{closure}()
 4 SYSTEMPATH/Common.php(1171): CodeIgniter\View\View->render()
 5 APPPATH/Controllers/Products.php(47): view()
 6 SYSTEMPATH/CodeIgniter.php(933): App\Controllers\Products->createNew()
 7 SYSTEMPATH/CodeIgniter.php(509): CodeIgniter\CodeIgniter->runController()
 8 SYSTEMPATH/CodeIgniter.php(355): CodeIgniter\CodeIgniter->handleRequest()
 9 SYSTEMPATH/Boot.php(325): CodeIgniter\CodeIgniter->run()
10 SYSTEMPATH/Boot.php(67): CodeIgniter\Boot::runCodeIgniter()
11 FCPATH/index.php(56): CodeIgniter\Boot::bootWeb()
12 SYSTEMPATH/rewrite.php(44): require_once('/home/med96/tmp/public/index.php')
CRITICAL - 2024-07-01 02:09:58 --> ErrorException: Undefined property: stdClass::$created_at
[Method: GET, Route: /]
in APPPATH/Views/products/productsList.php on line 44.
 1 APPPATH/Views/products/productsList.php(44): CodeIgniter\Debug\Exceptions->errorHandler()
 2 SYSTEMPATH/View/View.php(234): include('/home/med96/tmp/app/Views/products/productsList.php')
 3 SYSTEMPATH/View/View.php(237): CodeIgniter\View\View->CodeIgniter\View\{closure}()
 4 SYSTEMPATH/Common.php(1171): CodeIgniter\View\View->render()
 5 APPPATH/Controllers/Products.php(20): view()
 6 SYSTEMPATH/CodeIgniter.php(933): App\Controllers\Products->index()
 7 SYSTEMPATH/CodeIgniter.php(509): CodeIgniter\CodeIgniter->runController()
 8 SYSTEMPATH/CodeIgniter.php(355): CodeIgniter\CodeIgniter->handleRequest()
 9 SYSTEMPATH/Boot.php(325): CodeIgniter\CodeIgniter->run()
10 SYSTEMPATH/Boot.php(67): CodeIgniter\Boot::runCodeIgniter()
11 FCPATH/index.php(56): CodeIgniter\Boot::bootWeb()
12 SYSTEMPATH/rewrite.php(44): require_once('/home/med96/tmp/public/index.php')
CRITICAL - 2024-07-01 02:10:09 --> ErrorException: Undefined property: stdClass::$created_at
[Method: GET, Route: /]
in APPPATH/Views/products/productsList.php on line 44.
 1 APPPATH/Views/products/productsList.php(44): CodeIgniter\Debug\Exceptions->errorHandler()
 2 SYSTEMPATH/View/View.php(234): include('/home/med96/tmp/app/Views/products/productsList.php')
 3 SYSTEMPATH/View/View.php(237): CodeIgniter\View\View->CodeIgniter\View\{closure}()
 4 SYSTEMPATH/Common.php(1171): CodeIgniter\View\View->render()
 5 APPPATH/Controllers/Products.php(20): view()
 6 SYSTEMPATH/CodeIgniter.php(933): App\Controllers\Products->index()
 7 SYSTEMPATH/CodeIgniter.php(509): CodeIgniter\CodeIgniter->runController()
 8 SYSTEMPATH/CodeIgniter.php(355): CodeIgniter\CodeIgniter->handleRequest()
 9 SYSTEMPATH/Boot.php(325): CodeIgniter\CodeIgniter->run()
10 SYSTEMPATH/Boot.php(67): CodeIgniter\Boot::runCodeIgniter()
11 FCPATH/index.php(56): CodeIgniter\Boot::bootWeb()
12 SYSTEMPATH/rewrite.php(44): require_once('/home/med96/tmp/public/index.php')
CRITICAL - 2024-07-01 03:43:58 --> ErrorException: Attempt to read property "id" on string
[Method: DELETE, Route: products/productDelete/2]
in APPPATH/Models/Product.php on line 25.
 1 APPPATH/Models/Product.php(25): CodeIgniter\Debug\Exceptions->errorHandler()
 2 APPPATH/Controllers/Products.php(29): App\Models\Product->removeProduct()
 3 SYSTEMPATH/CodeIgniter.php(933): App\Controllers\Products->productDelete()
 4 SYSTEMPATH/CodeIgniter.php(509): CodeIgniter\CodeIgniter->runController()
 5 SYSTEMPATH/CodeIgniter.php(355): CodeIgniter\CodeIgniter->handleRequest()
 6 SYSTEMPATH/Boot.php(325): CodeIgniter\CodeIgniter->run()
 7 SYSTEMPATH/Boot.php(67): CodeIgniter\Boot::runCodeIgniter()
 8 FCPATH/index.php(56): CodeIgniter\Boot::bootWeb()
 9 SYSTEMPATH/rewrite.php(44): require_once('/home/med96/tmp/public/index.php')
CRITICAL - 2024-07-01 03:46:53 --> TypeError: count(): Argument #1 ($value) must be of type Countable|array, stdClass given
[Method: POST, Route: products/createNew]
in APPPATH/Models/Product.php on line 96.
 1 APPPATH/Models/Product.php(96): count()
 2 APPPATH/Models/Product.php(87): App\Models\Product->array_sort()
 3 APPPATH/Controllers/Products.php(42): App\Models\Product->getNewId()
 4 SYSTEMPATH/CodeIgniter.php(933): App\Controllers\Products->createNew()
 5 SYSTEMPATH/CodeIgniter.php(509): CodeIgniter\CodeIgniter->runController()
 6 SYSTEMPATH/CodeIgniter.php(355): CodeIgniter\CodeIgniter->handleRequest()
 7 SYSTEMPATH/Boot.php(325): CodeIgniter\CodeIgniter->run()
 8 SYSTEMPATH/Boot.php(67): CodeIgniter\Boot::runCodeIgniter()
 9 FCPATH/index.php(56): CodeIgniter\Boot::bootWeb()
10 SYSTEMPATH/rewrite.php(44): require_once('/home/med96/tmp/public/index.php')
CRITICAL - 2024-07-01 03:51:48 --> ErrorException: Attempt to read property "id" on array
[Method: DELETE, Route: products/productDelete/2]
in APPPATH/Models/Product.php on line 25.
 1 APPPATH/Models/Product.php(25): CodeIgniter\Debug\Exceptions->errorHandler()
 2 APPPATH/Controllers/Products.php(29): App\Models\Product->removeProduct()
 3 SYSTEMPATH/CodeIgniter.php(933): App\Controllers\Products->productDelete()
 4 SYSTEMPATH/CodeIgniter.php(509): CodeIgniter\CodeIgniter->runController()
 5 SYSTEMPATH/CodeIgniter.php(355): CodeIgniter\CodeIgniter->handleRequest()
 6 SYSTEMPATH/Boot.php(325): CodeIgniter\CodeIgniter->run()
 7 SYSTEMPATH/Boot.php(67): CodeIgniter\Boot::runCodeIgniter()
 8 FCPATH/index.php(56): CodeIgniter\Boot::bootWeb()
 9 SYSTEMPATH/rewrite.php(44): require_once('/home/med96/tmp/public/index.php')
CRITICAL - 2024-07-01 03:52:52 --> ErrorException: Attempt to read property "id" on array
[Method: POST, Route: products/createNew]
in APPPATH/Models/Product.php on line 87.
 1 APPPATH/Models/Product.php(87): CodeIgniter\Debug\Exceptions->errorHandler()
 2 APPPATH/Controllers/Products.php(42): App\Models\Product->getNewId()
 3 SYSTEMPATH/CodeIgniter.php(933): App\Controllers\Products->createNew()
 4 SYSTEMPATH/CodeIgniter.php(509): CodeIgniter\CodeIgniter->runController()
 5 SYSTEMPATH/CodeIgniter.php(355): CodeIgniter\CodeIgniter->handleRequest()
 6 SYSTEMPATH/Boot.php(325): CodeIgniter\CodeIgniter->run()
 7 SYSTEMPATH/Boot.php(67): CodeIgniter\Boot::runCodeIgniter()
 8 FCPATH/index.php(56): CodeIgniter\Boot::bootWeb()
 9 SYSTEMPATH/rewrite.php(44): require_once('/home/med96/tmp/public/index.php')
CRITICAL - 2024-07-01 03:56:47 --> ErrorException: Attempt to read property "id" on array
[Method: DELETE, Route: products/productDelete/3]
in APPPATH/Models/Product.php on line 25.
 1 APPPATH/Models/Product.php(25): CodeIgniter\Debug\Exceptions->errorHandler()
 2 APPPATH/Controllers/Products.php(29): App\Models\Product->removeProduct()
 3 SYSTEMPATH/CodeIgniter.php(933): App\Controllers\Products->productDelete()
 4 SYSTEMPATH/CodeIgniter.php(509): CodeIgniter\CodeIgniter->runController()
 5 SYSTEMPATH/CodeIgniter.php(355): CodeIgniter\CodeIgniter->handleRequest()
 6 SYSTEMPATH/Boot.php(325): CodeIgniter\CodeIgniter->run()
 7 SYSTEMPATH/Boot.php(67): CodeIgniter\Boot::runCodeIgniter()
 8 FCPATH/index.php(56): CodeIgniter\Boot::bootWeb()
 9 SYSTEMPATH/rewrite.php(44): require_once('/home/med96/tmp/public/index.php')
CRITICAL - 2024-07-01 10:34:41 --> ErrorException: Undefined variable $title
[Method: GET, Route: /]
in APPPATH/Views/products/home.php on line 12.
 1 APPPATH/Views/products/home.php(12): CodeIgniter\Debug\Exceptions->errorHandler()
 2 SYSTEMPATH/View/View.php(234): include('/home/med96/tmp/app/Views/products/home.php')
 3 SYSTEMPATH/View/View.php(237): CodeIgniter\View\View->CodeIgniter\View\{closure}()
 4 SYSTEMPATH/Common.php(1171): CodeIgniter\View\View->render()
 5 APPPATH/Controllers/Products.php(11): view()
 6 SYSTEMPATH/CodeIgniter.php(933): App\Controllers\Products->index()
 7 SYSTEMPATH/CodeIgniter.php(509): CodeIgniter\CodeIgniter->runController()
 8 SYSTEMPATH/CodeIgniter.php(355): CodeIgniter\CodeIgniter->handleRequest()
 9 SYSTEMPATH/Boot.php(325): CodeIgniter\CodeIgniter->run()
10 SYSTEMPATH/Boot.php(67): CodeIgniter\Boot::runCodeIgniter()
11 FCPATH/index.php(56): CodeIgniter\Boot::bootWeb()
12 SYSTEMPATH/rewrite.php(44): require_once('/home/med96/tmp/public/index.php')
CRITICAL - 2024-07-01 10:35:35 --> Error: Cannot use object of type stdClass as array
[Method: POST, Route: products/createNew]
in APPPATH/Models/Product.php on line 15.
 1 APPPATH/Controllers/Products.php(60): App\Models\Product->insertProduct()
 2 SYSTEMPATH/CodeIgniter.php(933): App\Controllers\Products->createNew()
 3 SYSTEMPATH/CodeIgniter.php(509): CodeIgniter\CodeIgniter->runController()
 4 SYSTEMPATH/CodeIgniter.php(355): CodeIgniter\CodeIgniter->handleRequest()
 5 SYSTEMPATH/Boot.php(325): CodeIgniter\CodeIgniter->run()
 6 SYSTEMPATH/Boot.php(67): CodeIgniter\Boot::runCodeIgniter()
 7 FCPATH/index.php(56): CodeIgniter\Boot::bootWeb()
 8 SYSTEMPATH/rewrite.php(44): require_once('/home/med96/tmp/public/index.php')
CRITICAL - 2024-07-01 10:35:38 --> Error: Cannot use object of type stdClass as array
[Method: POST, Route: products/createNew]
in APPPATH/Models/Product.php on line 15.
 1 APPPATH/Controllers/Products.php(60): App\Models\Product->insertProduct()
 2 SYSTEMPATH/CodeIgniter.php(933): App\Controllers\Products->createNew()
 3 SYSTEMPATH/CodeIgniter.php(509): CodeIgniter\CodeIgniter->runController()
 4 SYSTEMPATH/CodeIgniter.php(355): CodeIgniter\CodeIgniter->handleRequest()
 5 SYSTEMPATH/Boot.php(325): CodeIgniter\CodeIgniter->run()
 6 SYSTEMPATH/Boot.php(67): CodeIgniter\Boot::runCodeIgniter()
 7 FCPATH/index.php(56): CodeIgniter\Boot::bootWeb()
 8 SYSTEMPATH/rewrite.php(44): require_once('/home/med96/tmp/public/index.php')
CRITICAL - 2024-07-01 10:37:41 --> Error: Cannot use object of type stdClass as array
[Method: POST, Route: products/createNew]
in APPPATH/Models/Product.php on line 15.
 1 APPPATH/Controllers/Products.php(60): App\Models\Product->insertProduct()
 2 SYSTEMPATH/CodeIgniter.php(933): App\Controllers\Products->createNew()
 3 SYSTEMPATH/CodeIgniter.php(509): CodeIgniter\CodeIgniter->runController()
 4 SYSTEMPATH/CodeIgniter.php(355): CodeIgniter\CodeIgniter->handleRequest()
 5 SYSTEMPATH/Boot.php(325): CodeIgniter\CodeIgniter->run()
 6 SYSTEMPATH/Boot.php(67): CodeIgniter\Boot::runCodeIgniter()
 7 FCPATH/index.php(56): CodeIgniter\Boot::bootWeb()
 8 SYSTEMPATH/rewrite.php(44): require_once('/home/med96/tmp/public/index.php')
CRITICAL - 2024-07-01 10:39:22 --> Error: Cannot use object of type stdClass as array
[Method: POST, Route: products/createNew]
in APPPATH/Models/Product.php on line 15.
 1 APPPATH/Controllers/Products.php(60): App\Models\Product->insertProduct()
 2 SYSTEMPATH/CodeIgniter.php(933): App\Controllers\Products->createNew()
 3 SYSTEMPATH/CodeIgniter.php(509): CodeIgniter\CodeIgniter->runController()
 4 SYSTEMPATH/CodeIgniter.php(355): CodeIgniter\CodeIgniter->handleRequest()
 5 SYSTEMPATH/Boot.php(325): CodeIgniter\CodeIgniter->run()
 6 SYSTEMPATH/Boot.php(67): CodeIgniter\Boot::runCodeIgniter()
 7 FCPATH/index.php(56): CodeIgniter\Boot::bootWeb()
 8 SYSTEMPATH/rewrite.php(44): require_once('/home/med96/tmp/public/index.php')
CRITICAL - 2024-07-01 17:23:18 --> CodeIgniter\Security\Exceptions\SecurityException: The action you requested is not allowed.
[Method: POST, Route: products/createNew]
in SYSTEMPATH/Security/Security.php on line 262.
 1 SYSTEMPATH/Security/Security.php(262): CodeIgniter\Security\Exceptions\SecurityException::forDisallowedAction()
 2 SYSTEMPATH/Filters/CSRF.php(57): CodeIgniter\Security\Security->verify()
 3 SYSTEMPATH/Filters/Filters.php(203): CodeIgniter\Filters\CSRF->before()
 4 SYSTEMPATH/Filters/Filters.php(184): CodeIgniter\Filters\Filters->runBefore()
 5 SYSTEMPATH/CodeIgniter.php(481): CodeIgniter\Filters\Filters->run()
 6 SYSTEMPATH/CodeIgniter.php(355): CodeIgniter\CodeIgniter->handleRequest()
 7 SYSTEMPATH/Boot.php(325): CodeIgniter\CodeIgniter->run()
 8 SYSTEMPATH/Boot.php(67): CodeIgniter\Boot::runCodeIgniter()
 9 FCPATH/index.php(56): CodeIgniter\Boot::bootWeb()
10 SYSTEMPATH/rewrite.php(44): require_once('/home/med96/tmp/public/index.php')
CRITICAL - 2024-07-01 17:23:34 --> CodeIgniter\Security\Exceptions\SecurityException: The action you requested is not allowed.
[Method: POST, Route: products/createNew]
in SYSTEMPATH/Security/Security.php on line 262.
 1 SYSTEMPATH/Security/Security.php(262): CodeIgniter\Security\Exceptions\SecurityException::forDisallowedAction()
 2 SYSTEMPATH/Filters/CSRF.php(57): CodeIgniter\Security\Security->verify()
 3 SYSTEMPATH/Filters/Filters.php(203): CodeIgniter\Filters\CSRF->before()
 4 SYSTEMPATH/Filters/Filters.php(184): CodeIgniter\Filters\Filters->runBefore()
 5 SYSTEMPATH/CodeIgniter.php(481): CodeIgniter\Filters\Filters->run()
 6 SYSTEMPATH/CodeIgniter.php(355): CodeIgniter\CodeIgniter->handleRequest()
 7 SYSTEMPATH/Boot.php(325): CodeIgniter\CodeIgniter->run()
 8 SYSTEMPATH/Boot.php(67): CodeIgniter\Boot::runCodeIgniter()
 9 FCPATH/index.php(56): CodeIgniter\Boot::bootWeb()
10 SYSTEMPATH/rewrite.php(44): require_once('/home/med96/tmp/public/index.php')
CRITICAL - 2024-07-01 17:47:46 --> CodeIgniter\Security\Exceptions\SecurityException: The action you requested is not allowed.
[Method: POST, Route: products/createNew]
in SYSTEMPATH/Security/Security.php on line 262.
 1 SYSTEMPATH/Security/Security.php(262): CodeIgniter\Security\Exceptions\SecurityException::forDisallowedAction()
 2 SYSTEMPATH/Filters/CSRF.php(57): CodeIgniter\Security\Security->verify()
 3 SYSTEMPATH/Filters/Filters.php(203): CodeIgniter\Filters\CSRF->before()
 4 SYSTEMPATH/Filters/Filters.php(184): CodeIgniter\Filters\Filters->runBefore()
 5 SYSTEMPATH/CodeIgniter.php(481): CodeIgniter\Filters\Filters->run()
 6 SYSTEMPATH/CodeIgniter.php(355): CodeIgniter\CodeIgniter->handleRequest()
 7 SYSTEMPATH/Boot.php(325): CodeIgniter\CodeIgniter->run()
 8 SYSTEMPATH/Boot.php(67): CodeIgniter\Boot::runCodeIgniter()
 9 FCPATH/index.php(56): CodeIgniter\Boot::bootWeb()
10 SYSTEMPATH/rewrite.php(44): require_once('/home/med96/tmp/public/index.php')
INFO - 2024-07-01 17:48:40 --> CSRF token verified.
CRITICAL - 2024-07-01 17:48:46 --> CodeIgniter\Security\Exceptions\SecurityException: The action you requested is not allowed.
[Method: POST, Route: products/productUpdate]
in SYSTEMPATH/Security/Security.php on line 262.
 1 SYSTEMPATH/Security/Security.php(262): CodeIgniter\Security\Exceptions\SecurityException::forDisallowedAction()
 2 SYSTEMPATH/Filters/CSRF.php(57): CodeIgniter\Security\Security->verify()
 3 SYSTEMPATH/Filters/Filters.php(203): CodeIgniter\Filters\CSRF->before()
 4 SYSTEMPATH/Filters/Filters.php(184): CodeIgniter\Filters\Filters->runBefore()
 5 SYSTEMPATH/CodeIgniter.php(481): CodeIgniter\Filters\Filters->run()
 6 SYSTEMPATH/CodeIgniter.php(355): CodeIgniter\CodeIgniter->handleRequest()
 7 SYSTEMPATH/Boot.php(325): CodeIgniter\CodeIgniter->run()
 8 SYSTEMPATH/Boot.php(67): CodeIgniter\Boot::runCodeIgniter()
 9 FCPATH/index.php(56): CodeIgniter\Boot::bootWeb()
10 SYSTEMPATH/rewrite.php(44): require_once('/home/med96/tmp/public/index.php')
INFO - 2024-07-01 17:49:31 --> CSRF token verified.
CRITICAL - 2024-07-01 17:49:34 --> CodeIgniter\Security\Exceptions\SecurityException: The action you requested is not allowed.
[Method: DELETE, Route: products/productDelete/2]
in SYSTEMPATH/Security/Security.php on line 262.
 1 SYSTEMPATH/Security/Security.php(262): CodeIgniter\Security\Exceptions\SecurityException::forDisallowedAction()
 2 SYSTEMPATH/Filters/CSRF.php(57): CodeIgniter\Security\Security->verify()
 3 SYSTEMPATH/Filters/Filters.php(203): CodeIgniter\Filters\CSRF->before()
 4 SYSTEMPATH/Filters/Filters.php(184): CodeIgniter\Filters\Filters->runBefore()
 5 SYSTEMPATH/CodeIgniter.php(481): CodeIgniter\Filters\Filters->run()
 6 SYSTEMPATH/CodeIgniter.php(355): CodeIgniter\CodeIgniter->handleRequest()
 7 SYSTEMPATH/Boot.php(325): CodeIgniter\CodeIgniter->run()
 8 SYSTEMPATH/Boot.php(67): CodeIgniter\Boot::runCodeIgniter()
 9 FCPATH/index.php(56): CodeIgniter\Boot::bootWeb()
10 SYSTEMPATH/rewrite.php(44): require_once('/home/med96/tmp/public/index.php')
INFO - 2024-07-01 17:50:10 --> CSRF token verified.
CRITICAL - 2024-07-01 17:50:15 --> CodeIgniter\Security\Exceptions\SecurityException: The action you requested is not allowed.
[Method: POST, Route: products/createNew]
in SYSTEMPATH/Security/Security.php on line 262.
 1 SYSTEMPATH/Security/Security.php(262): CodeIgniter\Security\Exceptions\SecurityException::forDisallowedAction()
 2 SYSTEMPATH/Filters/CSRF.php(57): CodeIgniter\Security\Security->verify()
 3 SYSTEMPATH/Filters/Filters.php(203): CodeIgniter\Filters\CSRF->before()
 4 SYSTEMPATH/Filters/Filters.php(184): CodeIgniter\Filters\Filters->runBefore()
 5 SYSTEMPATH/CodeIgniter.php(481): CodeIgniter\Filters\Filters->run()
 6 SYSTEMPATH/CodeIgniter.php(355): CodeIgniter\CodeIgniter->handleRequest()
 7 SYSTEMPATH/Boot.php(325): CodeIgniter\CodeIgniter->run()
 8 SYSTEMPATH/Boot.php(67): CodeIgniter\Boot::runCodeIgniter()
 9 FCPATH/index.php(56): CodeIgniter\Boot::bootWeb()
10 SYSTEMPATH/rewrite.php(44): require_once('/home/med96/tmp/public/index.php')
CRITICAL - 2024-07-01 17:50:37 --> CodeIgniter\Security\Exceptions\SecurityException: The action you requested is not allowed.
[Method: POST, Route: products/createNew]
in SYSTEMPATH/Security/Security.php on line 262.
 1 SYSTEMPATH/Security/Security.php(262): CodeIgniter\Security\Exceptions\SecurityException::forDisallowedAction()
 2 SYSTEMPATH/Filters/CSRF.php(57): CodeIgniter\Security\Security->verify()
 3 SYSTEMPATH/Filters/Filters.php(203): CodeIgniter\Filters\CSRF->before()
 4 SYSTEMPATH/Filters/Filters.php(184): CodeIgniter\Filters\Filters->runBefore()
 5 SYSTEMPATH/CodeIgniter.php(481): CodeIgniter\Filters\Filters->run()
 6 SYSTEMPATH/CodeIgniter.php(355): CodeIgniter\CodeIgniter->handleRequest()
 7 SYSTEMPATH/Boot.php(325): CodeIgniter\CodeIgniter->run()
 8 SYSTEMPATH/Boot.php(67): CodeIgniter\Boot::runCodeIgniter()
 9 FCPATH/index.php(56): CodeIgniter\Boot::bootWeb()
10 SYSTEMPATH/rewrite.php(44): require_once('/home/med96/tmp/public/index.php')
CRITICAL - 2024-07-01 17:50:40 --> CodeIgniter\Security\Exceptions\SecurityException: The action you requested is not allowed.
[Method: POST, Route: products/productUpdate]
in SYSTEMPATH/Security/Security.php on line 262.
 1 SYSTEMPATH/Security/Security.php(262): CodeIgniter\Security\Exceptions\SecurityException::forDisallowedAction()
 2 SYSTEMPATH/Filters/CSRF.php(57): CodeIgniter\Security\Security->verify()
 3 SYSTEMPATH/Filters/Filters.php(203): CodeIgniter\Filters\CSRF->before()
 4 SYSTEMPATH/Filters/Filters.php(184): CodeIgniter\Filters\Filters->runBefore()
 5 SYSTEMPATH/CodeIgniter.php(481): CodeIgniter\Filters\Filters->run()
 6 SYSTEMPATH/CodeIgniter.php(355): CodeIgniter\CodeIgniter->handleRequest()
 7 SYSTEMPATH/Boot.php(325): CodeIgniter\CodeIgniter->run()
 8 SYSTEMPATH/Boot.php(67): CodeIgniter\Boot::runCodeIgniter()
 9 FCPATH/index.php(56): CodeIgniter\Boot::bootWeb()
10 SYSTEMPATH/rewrite.php(44): require_once('/home/med96/tmp/public/index.php')
CRITICAL - 2024-07-01 17:50:41 --> CodeIgniter\Security\Exceptions\SecurityException: The action you requested is not allowed.
[Method: DELETE, Route: products/productDelete/1]
in SYSTEMPATH/Security/Security.php on line 262.
 1 SYSTEMPATH/Security/Security.php(262): CodeIgniter\Security\Exceptions\SecurityException::forDisallowedAction()
 2 SYSTEMPATH/Filters/CSRF.php(57): CodeIgniter\Security\Security->verify()
 3 SYSTEMPATH/Filters/Filters.php(203): CodeIgniter\Filters\CSRF->before()
 4 SYSTEMPATH/Filters/Filters.php(184): CodeIgniter\Filters\Filters->runBefore()
 5 SYSTEMPATH/CodeIgniter.php(481): CodeIgniter\Filters\Filters->run()
 6 SYSTEMPATH/CodeIgniter.php(355): CodeIgniter\CodeIgniter->handleRequest()
 7 SYSTEMPATH/Boot.php(325): CodeIgniter\CodeIgniter->run()
 8 SYSTEMPATH/Boot.php(67): CodeIgniter\Boot::runCodeIgniter()
 9 FCPATH/index.php(56): CodeIgniter\Boot::bootWeb()
10 SYSTEMPATH/rewrite.php(44): require_once('/home/med96/tmp/public/index.php')
INFO - 2024-07-01 17:50:46 --> CSRF token verified.
INFO - 2024-07-01 17:52:17 --> CSRF token verified.
CRITICAL - 2024-07-01 17:52:18 --> CodeIgniter\Security\Exceptions\SecurityException: The action you requested is not allowed.
[Method: DELETE, Route: products/productDelete/2]
in SYSTEMPATH/Security/Security.php on line 262.
 1 SYSTEMPATH/Security/Security.php(262): CodeIgniter\Security\Exceptions\SecurityException::forDisallowedAction()
 2 SYSTEMPATH/Filters/CSRF.php(57): CodeIgniter\Security\Security->verify()
 3 SYSTEMPATH/Filters/Filters.php(203): CodeIgniter\Filters\CSRF->before()
 4 SYSTEMPATH/Filters/Filters.php(184): CodeIgniter\Filters\Filters->runBefore()
 5 SYSTEMPATH/CodeIgniter.php(481): CodeIgniter\Filters\Filters->run()
 6 SYSTEMPATH/CodeIgniter.php(355): CodeIgniter\CodeIgniter->handleRequest()
 7 SYSTEMPATH/Boot.php(325): CodeIgniter\CodeIgniter->run()
 8 SYSTEMPATH/Boot.php(67): CodeIgniter\Boot::runCodeIgniter()
 9 FCPATH/index.php(56): CodeIgniter\Boot::bootWeb()
10 SYSTEMPATH/rewrite.php(44): require_once('/home/med96/tmp/public/index.php')
CRITICAL - 2024-07-01 17:52:19 --> CodeIgniter\Security\Exceptions\SecurityException: The action you requested is not allowed.
[Method: DELETE, Route: products/productDelete/2]
in SYSTEMPATH/Security/Security.php on line 262.
 1 SYSTEMPATH/Security/Security.php(262): CodeIgniter\Security\Exceptions\SecurityException::forDisallowedAction()
 2 SYSTEMPATH/Filters/CSRF.php(57): CodeIgniter\Security\Security->verify()
 3 SYSTEMPATH/Filters/Filters.php(203): CodeIgniter\Filters\CSRF->before()
 4 SYSTEMPATH/Filters/Filters.php(184): CodeIgniter\Filters\Filters->runBefore()
 5 SYSTEMPATH/CodeIgniter.php(481): CodeIgniter\Filters\Filters->run()
 6 SYSTEMPATH/CodeIgniter.php(355): CodeIgniter\CodeIgniter->handleRequest()
 7 SYSTEMPATH/Boot.php(325): CodeIgniter\CodeIgniter->run()
 8 SYSTEMPATH/Boot.php(67): CodeIgniter\Boot::runCodeIgniter()
 9 FCPATH/index.php(56): CodeIgniter\Boot::bootWeb()
10 SYSTEMPATH/rewrite.php(44): require_once('/home/med96/tmp/public/index.php')
CRITICAL - 2024-07-01 17:52:19 --> CodeIgniter\Security\Exceptions\SecurityException: The action you requested is not allowed.
[Method: DELETE, Route: products/productDelete/2]
in SYSTEMPATH/Security/Security.php on line 262.
 1 SYSTEMPATH/Security/Security.php(262): CodeIgniter\Security\Exceptions\SecurityException::forDisallowedAction()
 2 SYSTEMPATH/Filters/CSRF.php(57): CodeIgniter\Security\Security->verify()
 3 SYSTEMPATH/Filters/Filters.php(203): CodeIgniter\Filters\CSRF->before()
 4 SYSTEMPATH/Filters/Filters.php(184): CodeIgniter\Filters\Filters->runBefore()
 5 SYSTEMPATH/CodeIgniter.php(481): CodeIgniter\Filters\Filters->run()
 6 SYSTEMPATH/CodeIgniter.php(355): CodeIgniter\CodeIgniter->handleRequest()
 7 SYSTEMPATH/Boot.php(325): CodeIgniter\CodeIgniter->run()
 8 SYSTEMPATH/Boot.php(67): CodeIgniter\Boot::runCodeIgniter()
 9 FCPATH/index.php(56): CodeIgniter\Boot::bootWeb()
10 SYSTEMPATH/rewrite.php(44): require_once('/home/med96/tmp/public/index.php')
CRITICAL - 2024-07-01 17:52:19 --> CodeIgniter\Security\Exceptions\SecurityException: The action you requested is not allowed.
[Method: DELETE, Route: products/productDelete/2]
in SYSTEMPATH/Security/Security.php on line 262.
 1 SYSTEMPATH/Security/Security.php(262): CodeIgniter\Security\Exceptions\SecurityException::forDisallowedAction()
 2 SYSTEMPATH/Filters/CSRF.php(57): CodeIgniter\Security\Security->verify()
 3 SYSTEMPATH/Filters/Filters.php(203): CodeIgniter\Filters\CSRF->before()
 4 SYSTEMPATH/Filters/Filters.php(184): CodeIgniter\Filters\Filters->runBefore()
 5 SYSTEMPATH/CodeIgniter.php(481): CodeIgniter\Filters\Filters->run()
 6 SYSTEMPATH/CodeIgniter.php(355): CodeIgniter\CodeIgniter->handleRequest()
 7 SYSTEMPATH/Boot.php(325): CodeIgniter\CodeIgniter->run()
 8 SYSTEMPATH/Boot.php(67): CodeIgniter\Boot::runCodeIgniter()
 9 FCPATH/index.php(56): CodeIgniter\Boot::bootWeb()
10 SYSTEMPATH/rewrite.php(44): require_once('/home/med96/tmp/public/index.php')
CRITICAL - 2024-07-01 17:55:13 --> CodeIgniter\Security\Exceptions\SecurityException: The action you requested is not allowed.
[Method: DELETE, Route: products/productDelete/1]
in SYSTEMPATH/Security/Security.php on line 262.
 1 SYSTEMPATH/Security/Security.php(262): CodeIgniter\Security\Exceptions\SecurityException::forDisallowedAction()
 2 SYSTEMPATH/Filters/CSRF.php(57): CodeIgniter\Security\Security->verify()
 3 SYSTEMPATH/Filters/Filters.php(203): CodeIgniter\Filters\CSRF->before()
 4 SYSTEMPATH/Filters/Filters.php(184): CodeIgniter\Filters\Filters->runBefore()
 5 SYSTEMPATH/CodeIgniter.php(481): CodeIgniter\Filters\Filters->run()
 6 SYSTEMPATH/CodeIgniter.php(355): CodeIgniter\CodeIgniter->handleRequest()
 7 SYSTEMPATH/Boot.php(325): CodeIgniter\CodeIgniter->run()
 8 SYSTEMPATH/Boot.php(67): CodeIgniter\Boot::runCodeIgniter()
 9 FCPATH/index.php(56): CodeIgniter\Boot::bootWeb()
10 SYSTEMPATH/rewrite.php(44): require_once('/home/med96/tmp/public/index.php')
CRITICAL - 2024-07-01 17:55:22 --> CodeIgniter\Security\Exceptions\SecurityException: The action you requested is not allowed.
[Method: POST, Route: products/createNew]
in SYSTEMPATH/Security/Security.php on line 262.
 1 SYSTEMPATH/Security/Security.php(262): CodeIgniter\Security\Exceptions\SecurityException::forDisallowedAction()
 2 SYSTEMPATH/Filters/CSRF.php(57): CodeIgniter\Security\Security->verify()
 3 SYSTEMPATH/Filters/Filters.php(203): CodeIgniter\Filters\CSRF->before()
 4 SYSTEMPATH/Filters/Filters.php(184): CodeIgniter\Filters\Filters->runBefore()
 5 SYSTEMPATH/CodeIgniter.php(481): CodeIgniter\Filters\Filters->run()
 6 SYSTEMPATH/CodeIgniter.php(355): CodeIgniter\CodeIgniter->handleRequest()
 7 SYSTEMPATH/Boot.php(325): CodeIgniter\CodeIgniter->run()
 8 SYSTEMPATH/Boot.php(67): CodeIgniter\Boot::runCodeIgniter()
 9 FCPATH/index.php(56): CodeIgniter\Boot::bootWeb()
10 SYSTEMPATH/rewrite.php(44): require_once('/home/med96/tmp/public/index.php')
INFO - 2024-07-01 17:57:47 --> CSRF token verified.
CRITICAL - 2024-07-01 17:57:51 --> CodeIgniter\Security\Exceptions\SecurityException: The action you requested is not allowed.
[Method: POST, Route: products/createNew]
in SYSTEMPATH/Security/Security.php on line 262.
 1 SYSTEMPATH/Security/Security.php(262): CodeIgniter\Security\Exceptions\SecurityException::forDisallowedAction()
 2 SYSTEMPATH/Filters/CSRF.php(57): CodeIgniter\Security\Security->verify()
 3 SYSTEMPATH/Filters/Filters.php(203): CodeIgniter\Filters\CSRF->before()
 4 SYSTEMPATH/Filters/Filters.php(184): CodeIgniter\Filters\Filters->runBefore()
 5 SYSTEMPATH/CodeIgniter.php(481): CodeIgniter\Filters\Filters->run()
 6 SYSTEMPATH/CodeIgniter.php(355): CodeIgniter\CodeIgniter->handleRequest()
 7 SYSTEMPATH/Boot.php(325): CodeIgniter\CodeIgniter->run()
 8 SYSTEMPATH/Boot.php(67): CodeIgniter\Boot::runCodeIgniter()
 9 FCPATH/index.php(56): CodeIgniter\Boot::bootWeb()
10 SYSTEMPATH/rewrite.php(44): require_once('/home/med96/tmp/public/index.php')
INFO - 2024-07-01 18:00:57 --> CSRF token verified.
INFO - 2024-07-01 18:00:59 --> CSRF token verified.
INFO - 2024-07-01 18:01:02 --> CSRF token verified.
CRITICAL - 2024-07-01 18:01:02 --> Error: Cannot use object of type stdClass as array
[Method: POST, Route: products/productUpdate]
in APPPATH/Models/Product.php on line 53.
 1 APPPATH/Controllers/Products.php(34): App\Models\Product->updateProduct()
 2 SYSTEMPATH/CodeIgniter.php(933): App\Controllers\Products->productUpdate()
 3 SYSTEMPATH/CodeIgniter.php(509): CodeIgniter\CodeIgniter->runController()
 4 SYSTEMPATH/CodeIgniter.php(355): CodeIgniter\CodeIgniter->handleRequest()
 5 SYSTEMPATH/Boot.php(325): CodeIgniter\CodeIgniter->run()
 6 SYSTEMPATH/Boot.php(67): CodeIgniter\Boot::runCodeIgniter()
 7 FCPATH/index.php(56): CodeIgniter\Boot::bootWeb()
 8 SYSTEMPATH/rewrite.php(44): require_once('/home/med96/tmp/public/index.php')
INFO - 2024-07-01 18:01:08 --> CSRF token verified.
CRITICAL - 2024-07-01 18:01:08 --> Error: Cannot use object of type stdClass as array
[Method: POST, Route: products/productUpdate]
in APPPATH/Models/Product.php on line 53.
 1 APPPATH/Controllers/Products.php(34): App\Models\Product->updateProduct()
 2 SYSTEMPATH/CodeIgniter.php(933): App\Controllers\Products->productUpdate()
 3 SYSTEMPATH/CodeIgniter.php(509): CodeIgniter\CodeIgniter->runController()
 4 SYSTEMPATH/CodeIgniter.php(355): CodeIgniter\CodeIgniter->handleRequest()
 5 SYSTEMPATH/Boot.php(325): CodeIgniter\CodeIgniter->run()
 6 SYSTEMPATH/Boot.php(67): CodeIgniter\Boot::runCodeIgniter()
 7 FCPATH/index.php(56): CodeIgniter\Boot::bootWeb()
 8 SYSTEMPATH/rewrite.php(44): require_once('/home/med96/tmp/public/index.php')
INFO - 2024-07-01 18:01:12 --> CSRF token verified.
CRITICAL - 2024-07-01 18:01:12 --> Error: Cannot use object of type stdClass as array
[Method: POST, Route: products/productUpdate]
in APPPATH/Models/Product.php on line 53.
 1 APPPATH/Controllers/Products.php(34): App\Models\Product->updateProduct()
 2 SYSTEMPATH/CodeIgniter.php(933): App\Controllers\Products->productUpdate()
 3 SYSTEMPATH/CodeIgniter.php(509): CodeIgniter\CodeIgniter->runController()
 4 SYSTEMPATH/CodeIgniter.php(355): CodeIgniter\CodeIgniter->handleRequest()
 5 SYSTEMPATH/Boot.php(325): CodeIgniter\CodeIgniter->run()
 6 SYSTEMPATH/Boot.php(67): CodeIgniter\Boot::runCodeIgniter()
 7 FCPATH/index.php(56): CodeIgniter\Boot::bootWeb()
 8 SYSTEMPATH/rewrite.php(44): require_once('/home/med96/tmp/public/index.php')
INFO - 2024-07-01 18:01:18 --> CSRF token verified.
CRITICAL - 2024-07-01 18:01:18 --> Error: Cannot use object of type stdClass as array
[Method: POST, Route: products/productUpdate]
in APPPATH/Models/Product.php on line 53.
 1 APPPATH/Controllers/Products.php(34): App\Models\Product->updateProduct()
 2 SYSTEMPATH/CodeIgniter.php(933): App\Controllers\Products->productUpdate()
 3 SYSTEMPATH/CodeIgniter.php(509): CodeIgniter\CodeIgniter->runController()
 4 SYSTEMPATH/CodeIgniter.php(355): CodeIgniter\CodeIgniter->handleRequest()
 5 SYSTEMPATH/Boot.php(325): CodeIgniter\CodeIgniter->run()
 6 SYSTEMPATH/Boot.php(67): CodeIgniter\Boot::runCodeIgniter()
 7 FCPATH/index.php(56): CodeIgniter\Boot::bootWeb()
 8 SYSTEMPATH/rewrite.php(44): require_once('/home/med96/tmp/public/index.php')
INFO - 2024-07-01 18:01:23 --> CSRF token verified.
CRITICAL - 2024-07-01 18:01:23 --> Error: Cannot use object of type stdClass as array
[Method: POST, Route: products/productUpdate]
in APPPATH/Models/Product.php on line 53.
 1 APPPATH/Controllers/Products.php(34): App\Models\Product->updateProduct()
 2 SYSTEMPATH/CodeIgniter.php(933): App\Controllers\Products->productUpdate()
 3 SYSTEMPATH/CodeIgniter.php(509): CodeIgniter\CodeIgniter->runController()
 4 SYSTEMPATH/CodeIgniter.php(355): CodeIgniter\CodeIgniter->handleRequest()
 5 SYSTEMPATH/Boot.php(325): CodeIgniter\CodeIgniter->run()
 6 SYSTEMPATH/Boot.php(67): CodeIgniter\Boot::runCodeIgniter()
 7 FCPATH/index.php(56): CodeIgniter\Boot::bootWeb()
 8 SYSTEMPATH/rewrite.php(44): require_once('/home/med96/tmp/public/index.php')
INFO - 2024-07-01 18:01:48 --> CSRF token verified.
INFO - 2024-07-01 18:01:52 --> CSRF token verified.
INFO - 2024-07-01 18:01:55 --> CSRF token verified.
INFO - 2024-07-01 18:01:59 --> CSRF token verified.
INFO - 2024-07-01 18:02:04 --> CSRF token verified.
INFO - 2024-07-01 18:02:07 --> CSRF token verified.
INFO - 2024-07-01 18:02:10 --> CSRF token verified.
INFO - 2024-07-01 18:02:13 --> CSRF token verified.
INFO - 2024-07-01 18:02:13 --> CSRF token verified.
INFO - 2024-07-01 21:51:26 --> CSRF token verified.
INFO - 2024-07-01 21:51:29 --> CSRF token verified.
INFO - 2024-07-01 21:51:30 --> CSRF token verified.
INFO - 2024-07-01 21:51:38 --> CSRF token verified.
CRITICAL - 2024-07-01 21:51:38 --> Error: Cannot use object of type stdClass as array
[Method: POST, Route: products/productUpdate]
in APPPATH/Models/Product.php on line 53.
 1 APPPATH/Controllers/Products.php(34): App\Models\Product->updateProduct()
 2 SYSTEMPATH/CodeIgniter.php(933): App\Controllers\Products->productUpdate()
 3 SYSTEMPATH/CodeIgniter.php(509): CodeIgniter\CodeIgniter->runController()
 4 SYSTEMPATH/CodeIgniter.php(355): CodeIgniter\CodeIgniter->handleRequest()
 5 SYSTEMPATH/Boot.php(325): CodeIgniter\CodeIgniter->run()
 6 SYSTEMPATH/Boot.php(67): CodeIgniter\Boot::runCodeIgniter()
 7 FCPATH/index.php(56): CodeIgniter\Boot::bootWeb()
 8 SYSTEMPATH/rewrite.php(44): require_once('/home/med96/tmp/public/index.php')
INFO - 2024-07-01 22:04:21 --> CSRF token verified.
INFO - 2024-07-01 22:04:38 --> CSRF token verified.
INFO - 2024-07-01 22:05:21 --> CSRF token verified.
INFO - 2024-07-01 22:10:44 --> CSRF token verified.
CRITICAL - 2024-07-01 22:10:44 --> Error: Call to undefined method App\Controllers\Products::response()
[Method: POST, Route: products/createNew]
in APPPATH/Controllers/Products.php on line 76.
 1 SYSTEMPATH/CodeIgniter.php(933): App\Controllers\Products->createNew()
 2 SYSTEMPATH/CodeIgniter.php(509): CodeIgniter\CodeIgniter->runController()
 3 SYSTEMPATH/CodeIgniter.php(355): CodeIgniter\CodeIgniter->handleRequest()
 4 SYSTEMPATH/Boot.php(325): CodeIgniter\CodeIgniter->run()
 5 SYSTEMPATH/Boot.php(67): CodeIgniter\Boot::runCodeIgniter()
 6 FCPATH/index.php(56): CodeIgniter\Boot::bootWeb()
 7 SYSTEMPATH/rewrite.php(44): require_once('/home/med96/tmp/public/index.php')
INFO - 2024-07-01 22:32:32 --> CSRF token verified.
INFO - 2024-07-01 22:40:49 --> CSRF token verified.
INFO - 2024-07-01 22:41:26 --> CSRF token verified.
INFO - 2024-07-01 22:41:47 --> CSRF token verified.
INFO - 2024-07-01 22:41:52 --> CSRF token verified.
INFO - 2024-07-01 22:41:53 --> CSRF token verified.
INFO - 2024-07-01 22:41:54 --> CSRF token verified.
INFO - 2024-07-01 22:41:54 --> CSRF token verified.
INFO - 2024-07-01 22:41:54 --> CSRF token verified.
CRITICAL - 2024-07-01 22:59:30 --> ErrorException: foreach() argument must be of type array|object, null given
[Method: GET, Route: products/productsList/]
in APPPATH/Views/products/productsList.php on line 16.
 1 APPPATH/Views/products/productsList.php(16): CodeIgniter\Debug\Exceptions->errorHandler()
 2 SYSTEMPATH/View/View.php(234): include('/home/med96/tmp/app/Views/products/productsList.php')
 3 SYSTEMPATH/View/View.php(237): CodeIgniter\View\View->CodeIgniter\View\{closure}()
 4 SYSTEMPATH/Common.php(1171): CodeIgniter\View\View->render()
 5 APPPATH/Controllers/Products.php(17): view()
 6 SYSTEMPATH/CodeIgniter.php(933): App\Controllers\Products->productsList()
 7 SYSTEMPATH/CodeIgniter.php(509): CodeIgniter\CodeIgniter->runController()
 8 SYSTEMPATH/CodeIgniter.php(355): CodeIgniter\CodeIgniter->handleRequest()
 9 SYSTEMPATH/Boot.php(325): CodeIgniter\CodeIgniter->run()
10 SYSTEMPATH/Boot.php(67): CodeIgniter\Boot::runCodeIgniter()
11 FCPATH/index.php(56): CodeIgniter\Boot::bootWeb()
12 SYSTEMPATH/rewrite.php(44): require_once('/home/med96/tmp/public/index.php')
INFO - 2024-07-01 22:59:43 --> CSRF token verified.
CRITICAL - 2024-07-01 22:59:43 --> ErrorException: foreach() argument must be of type array|object, null given
[Method: GET, Route: products/productsList/]
in APPPATH/Views/products/productsList.php on line 16.
 1 APPPATH/Views/products/productsList.php(16): CodeIgniter\Debug\Exceptions->errorHandler()
 2 SYSTEMPATH/View/View.php(234): include('/home/med96/tmp/app/Views/products/productsList.php')
 3 SYSTEMPATH/View/View.php(237): CodeIgniter\View\View->CodeIgniter\View\{closure}()
 4 SYSTEMPATH/Common.php(1171): CodeIgniter\View\View->render()
 5 APPPATH/Controllers/Products.php(17): view()
 6 SYSTEMPATH/CodeIgniter.php(933): App\Controllers\Products->productsList()
 7 SYSTEMPATH/CodeIgniter.php(509): CodeIgniter\CodeIgniter->runController()
 8 SYSTEMPATH/CodeIgniter.php(355): CodeIgniter\CodeIgniter->handleRequest()
 9 SYSTEMPATH/Boot.php(325): CodeIgniter\CodeIgniter->run()
10 SYSTEMPATH/Boot.php(67): CodeIgniter\Boot::runCodeIgniter()
11 FCPATH/index.php(56): CodeIgniter\Boot::bootWeb()
12 SYSTEMPATH/rewrite.php(44): require_once('/home/med96/tmp/public/index.php')
INFO - 2024-07-01 23:04:18 --> CSRF token verified.
CRITICAL - 2024-07-01 23:04:18 --> ErrorException: foreach() argument must be of type array|object, null given
[Method: GET, Route: products/productsList/]
in APPPATH/Views/products/productsList.php on line 16.
 1 APPPATH/Views/products/productsList.php(16): CodeIgniter\Debug\Exceptions->errorHandler()
 2 SYSTEMPATH/View/View.php(234): include('/home/med96/tmp/app/Views/products/productsList.php')
 3 SYSTEMPATH/View/View.php(237): CodeIgniter\View\View->CodeIgniter\View\{closure}()
 4 SYSTEMPATH/Common.php(1171): CodeIgniter\View\View->render()
 5 APPPATH/Controllers/Products.php(17): view()
 6 SYSTEMPATH/CodeIgniter.php(933): App\Controllers\Products->productsList()
 7 SYSTEMPATH/CodeIgniter.php(509): CodeIgniter\CodeIgniter->runController()
 8 SYSTEMPATH/CodeIgniter.php(355): CodeIgniter\CodeIgniter->handleRequest()
 9 SYSTEMPATH/Boot.php(325): CodeIgniter\CodeIgniter->run()
10 SYSTEMPATH/Boot.php(67): CodeIgniter\Boot::runCodeIgniter()
11 FCPATH/index.php(56): CodeIgniter\Boot::bootWeb()
12 SYSTEMPATH/rewrite.php(44): require_once('/home/med96/tmp/public/index.php')
INFO - 2024-07-01 23:04:29 --> CSRF token verified.
CRITICAL - 2024-07-01 23:04:29 --> ErrorException: foreach() argument must be of type array|object, null given
[Method: GET, Route: products/productsList/]
in APPPATH/Views/products/productsList.php on line 16.
 1 APPPATH/Views/products/productsList.php(16): CodeIgniter\Debug\Exceptions->errorHandler()
 2 SYSTEMPATH/View/View.php(234): include('/home/med96/tmp/app/Views/products/productsList.php')
 3 SYSTEMPATH/View/View.php(237): CodeIgniter\View\View->CodeIgniter\View\{closure}()
 4 SYSTEMPATH/Common.php(1171): CodeIgniter\View\View->render()
 5 APPPATH/Controllers/Products.php(17): view()
 6 SYSTEMPATH/CodeIgniter.php(933): App\Controllers\Products->productsList()
 7 SYSTEMPATH/CodeIgniter.php(509): CodeIgniter\CodeIgniter->runController()
 8 SYSTEMPATH/CodeIgniter.php(355): CodeIgniter\CodeIgniter->handleRequest()
 9 SYSTEMPATH/Boot.php(325): CodeIgniter\CodeIgniter->run()
10 SYSTEMPATH/Boot.php(67): CodeIgniter\Boot::runCodeIgniter()
11 FCPATH/index.php(56): CodeIgniter\Boot::bootWeb()
12 SYSTEMPATH/rewrite.php(44): require_once('/home/med96/tmp/public/index.php')
INFO - 2024-07-01 23:05:52 --> CSRF token verified.
CRITICAL - 2024-07-01 23:05:52 --> ErrorException: foreach() argument must be of type array|object, null given
[Method: GET, Route: products/productsList/]
in APPPATH/Views/products/productsList.php on line 16.
 1 APPPATH/Views/products/productsList.php(16): CodeIgniter\Debug\Exceptions->errorHandler()
 2 SYSTEMPATH/View/View.php(234): include('/home/med96/tmp/app/Views/products/productsList.php')
 3 SYSTEMPATH/View/View.php(237): CodeIgniter\View\View->CodeIgniter\View\{closure}()
 4 SYSTEMPATH/Common.php(1171): CodeIgniter\View\View->render()
 5 APPPATH/Controllers/Products.php(17): view()
 6 SYSTEMPATH/CodeIgniter.php(933): App\Controllers\Products->productsList()
 7 SYSTEMPATH/CodeIgniter.php(509): CodeIgniter\CodeIgniter->runController()
 8 SYSTEMPATH/CodeIgniter.php(355): CodeIgniter\CodeIgniter->handleRequest()
 9 SYSTEMPATH/Boot.php(325): CodeIgniter\CodeIgniter->run()
10 SYSTEMPATH/Boot.php(67): CodeIgniter\Boot::runCodeIgniter()
11 FCPATH/index.php(56): CodeIgniter\Boot::bootWeb()
12 SYSTEMPATH/rewrite.php(44): require_once('/home/med96/tmp/public/index.php')
INFO - 2024-07-01 23:07:10 --> CSRF token verified.
CRITICAL - 2024-07-01 23:07:11 --> ErrorException: foreach() argument must be of type array|object, null given
[Method: GET, Route: products/productsList/]
in APPPATH/Views/products/productsList.php on line 16.
 1 APPPATH/Views/products/productsList.php(16): CodeIgniter\Debug\Exceptions->errorHandler()
 2 SYSTEMPATH/View/View.php(234): include('/home/med96/tmp/app/Views/products/productsList.php')
 3 SYSTEMPATH/View/View.php(237): CodeIgniter\View\View->CodeIgniter\View\{closure}()
 4 SYSTEMPATH/Common.php(1171): CodeIgniter\View\View->render()
 5 APPPATH/Controllers/Products.php(17): view()
 6 SYSTEMPATH/CodeIgniter.php(933): App\Controllers\Products->productsList()
 7 SYSTEMPATH/CodeIgniter.php(509): CodeIgniter\CodeIgniter->runController()
 8 SYSTEMPATH/CodeIgniter.php(355): CodeIgniter\CodeIgniter->handleRequest()
 9 SYSTEMPATH/Boot.php(325): CodeIgniter\CodeIgniter->run()
10 SYSTEMPATH/Boot.php(67): CodeIgniter\Boot::runCodeIgniter()
11 FCPATH/index.php(56): CodeIgniter\Boot::bootWeb()
12 SYSTEMPATH/rewrite.php(44): require_once('/home/med96/tmp/public/index.php')
CRITICAL - 2024-07-01 23:07:25 --> ErrorException: foreach() argument must be of type array|object, null given
[Method: GET, Route: products/productsList/]
in APPPATH/Views/products/productsList.php on line 16.
 1 APPPATH/Views/products/productsList.php(16): CodeIgniter\Debug\Exceptions->errorHandler()
 2 SYSTEMPATH/View/View.php(234): include('/home/med96/tmp/app/Views/products/productsList.php')
 3 SYSTEMPATH/View/View.php(237): CodeIgniter\View\View->CodeIgniter\View\{closure}()
 4 SYSTEMPATH/Common.php(1171): CodeIgniter\View\View->render()
 5 APPPATH/Controllers/Products.php(17): view()
 6 SYSTEMPATH/CodeIgniter.php(933): App\Controllers\Products->productsList()
 7 SYSTEMPATH/CodeIgniter.php(509): CodeIgniter\CodeIgniter->runController()
 8 SYSTEMPATH/CodeIgniter.php(355): CodeIgniter\CodeIgniter->handleRequest()
 9 SYSTEMPATH/Boot.php(325): CodeIgniter\CodeIgniter->run()
10 SYSTEMPATH/Boot.php(67): CodeIgniter\Boot::runCodeIgniter()
11 FCPATH/index.php(56): CodeIgniter\Boot::bootWeb()
12 SYSTEMPATH/rewrite.php(44): require_once('/home/med96/tmp/public/index.php')
INFO - 2024-07-01 23:07:32 --> CSRF token verified.
CRITICAL - 2024-07-01 23:07:32 --> ErrorException: foreach() argument must be of type array|object, null given
[Method: GET, Route: products/productsList/]
in APPPATH/Views/products/productsList.php on line 16.
 1 APPPATH/Views/products/productsList.php(16): CodeIgniter\Debug\Exceptions->errorHandler()
 2 SYSTEMPATH/View/View.php(234): include('/home/med96/tmp/app/Views/products/productsList.php')
 3 SYSTEMPATH/View/View.php(237): CodeIgniter\View\View->CodeIgniter\View\{closure}()
 4 SYSTEMPATH/Common.php(1171): CodeIgniter\View\View->render()
 5 APPPATH/Controllers/Products.php(17): view()
 6 SYSTEMPATH/CodeIgniter.php(933): App\Controllers\Products->productsList()
 7 SYSTEMPATH/CodeIgniter.php(509): CodeIgniter\CodeIgniter->runController()
 8 SYSTEMPATH/CodeIgniter.php(355): CodeIgniter\CodeIgniter->handleRequest()
 9 SYSTEMPATH/Boot.php(325): CodeIgniter\CodeIgniter->run()
10 SYSTEMPATH/Boot.php(67): CodeIgniter\Boot::runCodeIgniter()
11 FCPATH/index.php(56): CodeIgniter\Boot::bootWeb()
12 SYSTEMPATH/rewrite.php(44): require_once('/home/med96/tmp/public/index.php')
CRITICAL - 2024-07-01 23:07:55 --> ErrorException: foreach() argument must be of type array|object, null given
[Method: GET, Route: products/productsList/]
in APPPATH/Views/products/productsList.php on line 16.
 1 APPPATH/Views/products/productsList.php(16): CodeIgniter\Debug\Exceptions->errorHandler()
 2 SYSTEMPATH/View/View.php(234): include('/home/med96/tmp/app/Views/products/productsList.php')
 3 SYSTEMPATH/View/View.php(237): CodeIgniter\View\View->CodeIgniter\View\{closure}()
 4 SYSTEMPATH/Common.php(1171): CodeIgniter\View\View->render()
 5 APPPATH/Controllers/Products.php(17): view()
 6 SYSTEMPATH/CodeIgniter.php(933): App\Controllers\Products->productsList()
 7 SYSTEMPATH/CodeIgniter.php(509): CodeIgniter\CodeIgniter->runController()
 8 SYSTEMPATH/CodeIgniter.php(355): CodeIgniter\CodeIgniter->handleRequest()
 9 SYSTEMPATH/Boot.php(325): CodeIgniter\CodeIgniter->run()
10 SYSTEMPATH/Boot.php(67): CodeIgniter\Boot::runCodeIgniter()
11 FCPATH/index.php(56): CodeIgniter\Boot::bootWeb()
12 SYSTEMPATH/rewrite.php(44): require_once('/home/med96/tmp/public/index.php')
INFO - 2024-07-01 23:08:03 --> CSRF token verified.
CRITICAL - 2024-07-01 23:08:03 --> ErrorException: foreach() argument must be of type array|object, null given
[Method: GET, Route: products/productsList/]
in APPPATH/Views/products/productsList.php on line 16.
 1 APPPATH/Views/products/productsList.php(16): CodeIgniter\Debug\Exceptions->errorHandler()
 2 SYSTEMPATH/View/View.php(234): include('/home/med96/tmp/app/Views/products/productsList.php')
 3 SYSTEMPATH/View/View.php(237): CodeIgniter\View\View->CodeIgniter\View\{closure}()
 4 SYSTEMPATH/Common.php(1171): CodeIgniter\View\View->render()
 5 APPPATH/Controllers/Products.php(17): view()
 6 SYSTEMPATH/CodeIgniter.php(933): App\Controllers\Products->productsList()
 7 SYSTEMPATH/CodeIgniter.php(509): CodeIgniter\CodeIgniter->runController()
 8 SYSTEMPATH/CodeIgniter.php(355): CodeIgniter\CodeIgniter->handleRequest()
 9 SYSTEMPATH/Boot.php(325): CodeIgniter\CodeIgniter->run()
10 SYSTEMPATH/Boot.php(67): CodeIgniter\Boot::runCodeIgniter()
11 FCPATH/index.php(56): CodeIgniter\Boot::bootWeb()
12 SYSTEMPATH/rewrite.php(44): require_once('/home/med96/tmp/public/index.php')
INFO - 2024-07-01 23:08:23 --> CSRF token verified.
CRITICAL - 2024-07-01 23:08:23 --> ErrorException: foreach() argument must be of type array|object, null given
[Method: GET, Route: products/productsList/]
in APPPATH/Views/products/productsList.php on line 16.
 1 APPPATH/Views/products/productsList.php(16): CodeIgniter\Debug\Exceptions->errorHandler()
 2 SYSTEMPATH/View/View.php(234): include('/home/med96/tmp/app/Views/products/productsList.php')
 3 SYSTEMPATH/View/View.php(237): CodeIgniter\View\View->CodeIgniter\View\{closure}()
 4 SYSTEMPATH/Common.php(1171): CodeIgniter\View\View->render()
 5 APPPATH/Controllers/Products.php(17): view()
 6 SYSTEMPATH/CodeIgniter.php(933): App\Controllers\Products->productsList()
 7 SYSTEMPATH/CodeIgniter.php(509): CodeIgniter\CodeIgniter->runController()
 8 SYSTEMPATH/CodeIgniter.php(355): CodeIgniter\CodeIgniter->handleRequest()
 9 SYSTEMPATH/Boot.php(325): CodeIgniter\CodeIgniter->run()
10 SYSTEMPATH/Boot.php(67): CodeIgniter\Boot::runCodeIgniter()
11 FCPATH/index.php(56): CodeIgniter\Boot::bootWeb()
12 SYSTEMPATH/rewrite.php(44): require_once('/home/med96/tmp/public/index.php')
INFO - 2024-07-01 23:08:32 --> CSRF token verified.
CRITICAL - 2024-07-01 23:08:32 --> ErrorException: foreach() argument must be of type array|object, null given
[Method: GET, Route: products/productsList/]
in APPPATH/Views/products/productsList.php on line 16.
 1 APPPATH/Views/products/productsList.php(16): CodeIgniter\Debug\Exceptions->errorHandler()
 2 SYSTEMPATH/View/View.php(234): include('/home/med96/tmp/app/Views/products/productsList.php')
 3 SYSTEMPATH/View/View.php(237): CodeIgniter\View\View->CodeIgniter\View\{closure}()
 4 SYSTEMPATH/Common.php(1171): CodeIgniter\View\View->render()
 5 APPPATH/Controllers/Products.php(17): view()
 6 SYSTEMPATH/CodeIgniter.php(933): App\Controllers\Products->productsList()
 7 SYSTEMPATH/CodeIgniter.php(509): CodeIgniter\CodeIgniter->runController()
 8 SYSTEMPATH/CodeIgniter.php(355): CodeIgniter\CodeIgniter->handleRequest()
 9 SYSTEMPATH/Boot.php(325): CodeIgniter\CodeIgniter->run()
10 SYSTEMPATH/Boot.php(67): CodeIgniter\Boot::runCodeIgniter()
11 FCPATH/index.php(56): CodeIgniter\Boot::bootWeb()
12 SYSTEMPATH/rewrite.php(44): require_once('/home/med96/tmp/public/index.php')
INFO - 2024-07-01 23:16:04 --> CSRF token verified.
INFO - 2024-07-01 23:17:10 --> CSRF token verified.
INFO - 2024-07-01 23:17:36 --> CSRF token verified.
INFO - 2024-07-01 23:17:57 --> CSRF token verified.
INFO - 2024-07-01 23:18:04 --> CSRF token verified.
INFO - 2024-07-01 23:18:13 --> CSRF token verified.
INFO - 2024-07-01 23:19:33 --> CSRF token verified.
INFO - 2024-07-01 23:20:11 --> CSRF token verified.
INFO - 2024-07-01 23:26:07 --> CSRF token verified.
INFO - 2024-07-01 23:26:49 --> CSRF token verified.
INFO - 2024-07-01 23:27:13 --> CSRF token verified.
INFO - 2024-07-01 23:28:57 --> CSRF token verified.
INFO - 2024-07-01 23:30:02 --> CSRF token verified.
INFO - 2024-07-01 23:30:20 --> CSRF token verified.
INFO - 2024-07-01 23:30:37 --> CSRF token verified.
INFO - 2024-07-01 23:32:21 --> CSRF token verified.
INFO - 2024-07-01 23:34:15 --> CSRF token verified.
INFO - 2024-07-01 23:35:31 --> CSRF token verified.
INFO - 2024-07-01 23:36:45 --> CSRF token verified.
INFO - 2024-07-01 23:37:17 --> CSRF token verified.
INFO - 2024-07-01 23:37:21 --> CSRF token verified.
INFO - 2024-07-01 23:37:26 --> CSRF token verified.
INFO - 2024-07-01 23:45:28 --> CSRF token verified.
INFO - 2024-07-01 23:49:01 --> CSRF token verified.
INFO - 2024-07-01 23:53:48 --> CSRF token verified.
CRITICAL - 2024-07-01 23:53:48 --> TypeError: CodeIgniter\Validation\Validation::run(): Argument #1 ($data) must be of type ?array, string given, called in /home/med96/tmp/app/Controllers/Products.php on line 68
[Method: DELETE, Route: products/productDelete/1]
in SYSTEMPATH/Validation/Validation.php on line 136.
 1 APPPATH/Controllers/Products.php(68): CodeIgniter\Validation\Validation->run()
 2 SYSTEMPATH/CodeIgniter.php(933): App\Controllers\Products->productDelete()
 3 SYSTEMPATH/CodeIgniter.php(509): CodeIgniter\CodeIgniter->runController()
 4 SYSTEMPATH/CodeIgniter.php(355): CodeIgniter\CodeIgniter->handleRequest()
 5 SYSTEMPATH/Boot.php(325): CodeIgniter\CodeIgniter->run()
 6 SYSTEMPATH/Boot.php(67): CodeIgniter\Boot::runCodeIgniter()
 7 FCPATH/index.php(56): CodeIgniter\Boot::bootWeb()
 8 SYSTEMPATH/rewrite.php(44): require_once('/home/med96/tmp/public/index.php')
INFO - 2024-07-01 23:55:15 --> CSRF token verified.
CRITICAL - 2024-07-01 23:55:20 --> TypeError: count(): Argument #1 ($value) must be of type Countable|array, stdClass given
[Method: GET, Route: products/productsList/]
in APPPATH/Views/products/productsList.php on line 3.
 1 SYSTEMPATH/View/View.php(234): include()
 2 SYSTEMPATH/View/View.php(237): CodeIgniter\View\View->CodeIgniter\View\{closure}()
 3 SYSTEMPATH/Common.php(1171): CodeIgniter\View\View->render()
 4 APPPATH/Controllers/Products.php(17): view()
 5 SYSTEMPATH/CodeIgniter.php(933): App\Controllers\Products->productsList()
 6 SYSTEMPATH/CodeIgniter.php(509): CodeIgniter\CodeIgniter->runController()
 7 SYSTEMPATH/CodeIgniter.php(355): CodeIgniter\CodeIgniter->handleRequest()
 8 SYSTEMPATH/Boot.php(325): CodeIgniter\CodeIgniter->run()
 9 SYSTEMPATH/Boot.php(67): CodeIgniter\Boot::runCodeIgniter()
10 FCPATH/index.php(56): CodeIgniter\Boot::bootWeb()
11 SYSTEMPATH/rewrite.php(44): require_once('/home/med96/tmp/public/index.php')
CRITICAL - 2024-07-01 23:55:22 --> TypeError: count(): Argument #1 ($value) must be of type Countable|array, stdClass given
[Method: GET, Route: products/productsList/]
in APPPATH/Views/products/productsList.php on line 3.
 1 SYSTEMPATH/View/View.php(234): include()
 2 SYSTEMPATH/View/View.php(237): CodeIgniter\View\View->CodeIgniter\View\{closure}()
 3 SYSTEMPATH/Common.php(1171): CodeIgniter\View\View->render()
 4 APPPATH/Controllers/Products.php(17): view()
 5 SYSTEMPATH/CodeIgniter.php(933): App\Controllers\Products->productsList()
 6 SYSTEMPATH/CodeIgniter.php(509): CodeIgniter\CodeIgniter->runController()
 7 SYSTEMPATH/CodeIgniter.php(355): CodeIgniter\CodeIgniter->handleRequest()
 8 SYSTEMPATH/Boot.php(325): CodeIgniter\CodeIgniter->run()
 9 SYSTEMPATH/Boot.php(67): CodeIgniter\Boot::runCodeIgniter()
10 FCPATH/index.php(56): CodeIgniter\Boot::bootWeb()
11 SYSTEMPATH/rewrite.php(44): require_once('/home/med96/tmp/public/index.php')
INFO - 2024-07-01 23:56:56 --> CSRF token verified.
INFO - 2024-07-01 23:57:01 --> CSRF token verified.
INFO - 2024-07-01 23:57:04 --> CSRF token verified.
INFO - 2024-07-01 23:57:19 --> CSRF token verified.
INFO - 2024-07-01 23:57:24 --> CSRF token verified.
INFO - 2024-07-01 23:57:29 --> CSRF token verified.
INFO - 2024-07-01 23:59:00 --> CSRF token verified.
INFO - 2024-07-01 23:59:18 --> CSRF token verified.
